2019-06-13 15:17:24 INFO  AppTestsHW5:40 - Check array [2, 3, 5, 6, 7, 8, 9]
2019-06-13 15:17:24 ERROR AppMain:25 - java.lang.RuntimeException: 4 is absent into array
2019-06-13 15:17:24 WARN  AppTestsHW5:46 - The conditions are'n done
2019-06-13 15:17:24 INFO  AppTestsHW5:40 - Check array [1, 2, 3, 4, 5, 4, 3, 2, 1]
2019-06-13 15:17:24 INFO  AppMain:21 - [3, 2, 1]
2019-06-13 15:17:24 INFO  AppTestsHW5:44 - The conditions are done
2019-06-13 15:17:24 INFO  AppTestsHW5:40 - Check array [2, 3, 4, 5, 6]
2019-06-13 15:17:24 INFO  AppMain:21 - [5, 6]
2019-06-13 15:17:24 WARN  AppTestsHW5:46 - The conditions are'n done
2019-06-13 15:17:24 INFO  AppTestsHW5:40 - Check array [1, 2, 3, 5, 6]
2019-06-13 15:17:24 ERROR AppMain:25 - java.lang.RuntimeException: 4 is absent into array
2019-06-13 15:17:24 WARN  AppTestsHW5:46 - The conditions are'n done
2019-06-13 15:17:24 INFO  AppTestsHW5:40 - Check array [1, 4]
2019-06-13 15:17:24 INFO  AppMain:21 - []
2019-06-13 15:17:24 WARN  AppTestsHW5:46 - The conditions are'n done
2019-06-13 15:17:24 INFO  AppTestsHW5:40 - Check array [1, 5]
2019-06-13 15:17:24 ERROR AppMain:25 - java.lang.RuntimeException: 4 is absent into array
2019-06-13 15:17:24 WARN  AppTestsHW5:46 - The conditions are'n done
2019-06-13 15:17:24 INFO  AppTestsHW5:40 - Check array [1]
2019-06-13 15:17:24 ERROR AppMain:25 - java.lang.RuntimeException: 4 is absent into array
2019-06-13 15:17:24 WARN  AppTestsHW5:46 - The conditions are'n done
